<?xml version="1.0" encoding="UTF-8"?>
<testsuite xmlns:xsi="http://www.w3.org/2001/XMLSchema-instance" xsi:noNamespaceSchemaLocation="https://maven.apache.org/surefire/maven-surefire-plugin/xsd/surefire-test-report.xsd" version="3.0.2" name="de.thowl.prog3.exam.service.TestNoteService" time="0.823" tests="3" errors="0" skipped="0" failures="0">
  <properties>
    <property name="java.specification.version" value="23"/>
    <property name="sun.cpu.isalist" value="amd64"/>
    <property name="sun.jnu.encoding" value="Cp1252"/>
    <property name="java.class.path" value="E:\Sonstiges\Desktop\Prog 3\notizspeicher_p3\target\test-classes;E:\Sonstiges\Desktop\Prog 3\notizspeicher_p3\target\classes;C:\Users\Marten\.m2\repository\org\springframework\boot\spring-boot-devtools\3.4.1\spring-boot-devtools-3.4.1.jar;C:\Users\Marten\.m2\repository\org\springframework\boot\spring-boot\3.4.1\spring-boot-3.4.1.jar;C:\Users\Marten\.m2\repository\org\springframework\spring-context\6.2.1\spring-context-6.2.1.jar;C:\Users\Marten\.m2\repository\org\springframework\boot\spring-boot-autoconfigure\3.4.1\spring-boot-autoconfigure-3.4.1.jar;C:\Users\Marten\.m2\repository\org\springframework\boot\spring-boot-starter-actuator\3.4.1\spring-boot-starter-actuator-3.4.1.jar;C:\Users\Marten\.m2\repository\org\springframework\boot\spring-boot-starter\3.4.1\spring-boot-starter-3.4.1.jar;C:\Users\Marten\.m2\repository\org\springframework\boot\spring-boot-starter-logging\3.4.1\spring-boot-starter-logging-3.4.1.jar;C:\Users\Marten\.m2\repository\ch\qos\logback\logback-classic\1.5.12\logback-classic-1.5.12.jar;C:\Users\Marten\.m2\repository\ch\qos\logback\logback-core\1.5.12\logback-core-1.5.12.jar;C:\Users\Marten\.m2\repository\org\apache\logging\log4j\log4j-to-slf4j\2.24.3\log4j-to-slf4j-2.24.3.jar;C:\Users\Marten\.m2\repository\org\apache\logging\log4j\log4j-api\2.24.3\log4j-api-2.24.3.jar;C:\Users\Marten\.m2\repository\org\slf4j\jul-to-slf4j\2.0.16\jul-to-slf4j-2.0.16.jar;C:\Users\Marten\.m2\repository\org\yaml\snakeyaml\2.3\snakeyaml-2.3.jar;C:\Users\Marten\.m2\repository\org\springframework\boot\spring-boot-actuator-autoconfigure\3.4.1\spring-boot-actuator-autoconfigure-3.4.1.jar;C:\Users\Marten\.m2\repository\org\springframework\boot\spring-boot-actuator\3.4.1\spring-boot-actuator-3.4.1.jar;C:\Users\Marten\.m2\repository\com\fasterxml\jackson\core\jackson-databind\2.18.2\jackson-databind-2.18.2.jar;C:\Users\Marten\.m2\repository\com\fasterxml\jackson\core\jackson-annotations\2.18.2\jackson-annotations-2.18.2.jar;C:\Users\Marten\.m2\repository\com\fasterxml\jackson\core\jackson-core\2.18.2\jackson-core-2.18.2.jar;C:\Users\Marten\.m2\repository\com\fasterxml\jackson\datatype\jackson-datatype-jsr310\2.18.2\jackson-datatype-jsr310-2.18.2.jar;C:\Users\Marten\.m2\repository\io\micrometer\micrometer-observation\1.14.2\micrometer-observation-1.14.2.jar;C:\Users\Marten\.m2\repository\io\micrometer\micrometer-commons\1.14.2\micrometer-commons-1.14.2.jar;C:\Users\Marten\.m2\repository\io\micrometer\micrometer-jakarta9\1.14.2\micrometer-jakarta9-1.14.2.jar;C:\Users\Marten\.m2\repository\io\micrometer\micrometer-core\1.14.2\micrometer-core-1.14.2.jar;C:\Users\Marten\.m2\repository\org\hdrhistogram\HdrHistogram\2.2.2\HdrHistogram-2.2.2.jar;C:\Users\Marten\.m2\repository\org\latencyutils\LatencyUtils\2.0.3\LatencyUtils-2.0.3.jar;C:\Users\Marten\.m2\repository\org\springframework\boot\spring-boot-starter-web\3.4.1\spring-boot-starter-web-3.4.1.jar;C:\Users\Marten\.m2\repository\org\springframework\boot\spring-boot-starter-json\3.4.1\spring-boot-starter-json-3.4.1.jar;C:\Users\Marten\.m2\repository\com\fasterxml\jackson\datatype\jackson-datatype-jdk8\2.18.2\jackson-datatype-jdk8-2.18.2.jar;C:\Users\Marten\.m2\repository\com\fasterxml\jackson\module\jackson-module-parameter-names\2.18.2\jackson-module-parameter-names-2.18.2.jar;C:\Users\Marten\.m2\repository\org\springframework\spring-web\6.2.1\spring-web-6.2.1.jar;C:\Users\Marten\.m2\repository\org\springframework\spring-beans\6.2.1\spring-beans-6.2.1.jar;C:\Users\Marten\.m2\repository\org\springframework\spring-webmvc\6.2.1\spring-webmvc-6.2.1.jar;C:\Users\Marten\.m2\repository\org\springframework\spring-aop\6.2.1\spring-aop-6.2.1.jar;C:\Users\Marten\.m2\repository\org\springframework\spring-expression\6.2.1\spring-expression-6.2.1.jar;C:\Users\Marten\.m2\repository\org\springdoc\springdoc-openapi-starter-webmvc-ui\2.2.0\springdoc-openapi-starter-webmvc-ui-2.2.0.jar;C:\Users\Marten\.m2\repository\org\springdoc\springdoc-openapi-starter-webmvc-api\2.2.0\springdoc-openapi-starter-webmvc-api-2.2.0.jar;C:\Users\Marten\.m2\repository\org\springdoc\springdoc-openapi-starter-common\2.2.0\springdoc-openapi-starter-common-2.2.0.jar;C:\Users\Marten\.m2\repository\io\swagger\core\v3\swagger-core-jakarta\2.2.15\swagger-core-jakarta-2.2.15.jar;C:\Users\Marten\.m2\repository\org\apache\commons\commons-lang3\3.17.0\commons-lang3-3.17.0.jar;C:\Users\Marten\.m2\repository\io\swagger\core\v3\swagger-annotations-jakarta\2.2.15\swagger-annotations-jakarta-2.2.15.jar;C:\Users\Marten\.m2\repository\io\swagger\core\v3\swagger-models-jakarta\2.2.15\swagger-models-jakarta-2.2.15.jar;C:\Users\Marten\.m2\repository\com\fasterxml\jackson\dataformat\jackson-dataformat-yaml\2.18.2\jackson-dataformat-yaml-2.18.2.jar;C:\Users\Marten\.m2\repository\org\webjars\swagger-ui\5.2.0\swagger-ui-5.2.0.jar;C:\Users\Marten\.m2\repository\org\springframework\boot\spring-boot-starter-thymeleaf\3.4.1\spring-boot-starter-thymeleaf-3.4.1.jar;C:\Users\Marten\.m2\repository\org\thymeleaf\thymeleaf-spring6\3.1.3.RELEASE\thymeleaf-spring6-3.1.3.RELEASE.jar;C:\Users\Marten\.m2\repository\org\thymeleaf\thymeleaf\3.1.3.RELEASE\thymeleaf-3.1.3.RELEASE.jar;C:\Users\Marten\.m2\repository\org\attoparser\attoparser\2.0.7.RELEASE\attoparser-2.0.7.RELEASE.jar;C:\Users\Marten\.m2\repository\org\unbescape\unbescape\1.1.6.RELEASE\unbescape-1.1.6.RELEASE.jar;C:\Users\Marten\.m2\repository\org\slf4j\slf4j-api\2.0.16\slf4j-api-2.0.16.jar;C:\Users\Marten\.m2\repository\org\springframework\boot\spring-boot-starter-validation\3.4.1\spring-boot-starter-validation-3.4.1.jar;C:\Users\Marten\.m2\repository\org\apache\tomcat\embed\tomcat-embed-el\10.1.34\tomcat-embed-el-10.1.34.jar;C:\Users\Marten\.m2\repository\org\hibernate\validator\hibernate-validator\8.0.2.Final\hibernate-validator-8.0.2.Final.jar;C:\Users\Marten\.m2\repository\jakarta\validation\jakarta.validation-api\3.0.2\jakarta.validation-api-3.0.2.jar;C:\Users\Marten\.m2\repository\org\jboss\logging\jboss-logging\3.6.1.Final\jboss-logging-3.6.1.Final.jar;C:\Users\Marten\.m2\repository\com\fasterxml\classmate\1.7.0\classmate-1.7.0.jar;C:\Users\Marten\.m2\repository\org\springframework\boot\spring-boot-starter-data-jpa\3.4.1\spring-boot-starter-data-jpa-3.4.1.jar;C:\Users\Marten\.m2\repository\org\springframework\boot\spring-boot-starter-jdbc\3.4.1\spring-boot-starter-jdbc-3.4.1.jar;C:\Users\Marten\.m2\repository\com\zaxxer\HikariCP\5.1.0\HikariCP-5.1.0.jar;C:\Users\Marten\.m2\repository\org\springframework\spring-jdbc\6.2.1\spring-jdbc-6.2.1.jar;C:\Users\Marten\.m2\repository\org\hibernate\orm\hibernate-core\6.6.4.Final\hibernate-core-6.6.4.Final.jar;C:\Users\Marten\.m2\repository\jakarta\persistence\jakarta.persistence-api\3.1.0\jakarta.persistence-api-3.1.0.jar;C:\Users\Marten\.m2\repository\jakarta\transaction\jakarta.transaction-api\2.0.1\jakarta.transaction-api-2.0.1.jar;C:\Users\Marten\.m2\repository\org\hibernate\common\hibernate-commons-annotations\7.0.3.Final\hibernate-commons-annotations-7.0.3.Final.jar;C:\Users\Marten\.m2\repository\io\smallrye\jandex\3.2.0\jandex-3.2.0.jar;C:\Users\Marten\.m2\repository\net\bytebuddy\byte-buddy\1.15.11\byte-buddy-1.15.11.jar;C:\Users\Marten\.m2\repository\org\glassfish\jaxb\jaxb-runtime\4.0.5\jaxb-runtime-4.0.5.jar;C:\Users\Marten\.m2\repository\org\glassfish\jaxb\jaxb-core\4.0.5\jaxb-core-4.0.5.jar;C:\Users\Marten\.m2\repository\org\eclipse\angus\angus-activation\2.0.2\angus-activation-2.0.2.jar;C:\Users\Marten\.m2\repository\org\glassfish\jaxb\txw2\4.0.5\txw2-4.0.5.jar;C:\Users\Marten\.m2\repository\com\sun\istack\istack-commons-runtime\4.1.2\istack-commons-runtime-4.1.2.jar;C:\Users\Marten\.m2\repository\jakarta\inject\jakarta.inject-api\2.0.1\jakarta.inject-api-2.0.1.jar;C:\Users\Marten\.m2\repository\org\antlr\antlr4-runtime\4.13.0\antlr4-runtime-4.13.0.jar;C:\Users\Marten\.m2\repository\org\springframework\data\spring-data-jpa\3.4.1\spring-data-jpa-3.4.1.jar;C:\Users\Marten\.m2\repository\org\springframework\data\spring-data-commons\3.4.1\spring-data-commons-3.4.1.jar;C:\Users\Marten\.m2\repository\org\springframework\spring-orm\6.2.1\spring-orm-6.2.1.jar;C:\Users\Marten\.m2\repository\org\springframework\spring-tx\6.2.1\spring-tx-6.2.1.jar;C:\Users\Marten\.m2\repository\org\springframework\spring-aspects\6.2.1\spring-aspects-6.2.1.jar;C:\Users\Marten\.m2\repository\org\aspectj\aspectjweaver\1.9.22.1\aspectjweaver-1.9.22.1.jar;C:\Users\Marten\.m2\repository\com\h2database\h2\2.3.232\h2-2.3.232.jar;C:\Users\Marten\.m2\repository\org\projectlombok\lombok\1.18.30\lombok-1.18.30.jar;C:\Users\Marten\.m2\repository\org\fusesource\jansi\jansi\2.4.1\jansi-2.4.1.jar;C:\Users\Marten\.m2\repository\org\springframework\boot\spring-boot-starter-tomcat\3.4.1\spring-boot-starter-tomcat-3.4.1.jar;C:\Users\Marten\.m2\repository\jakarta\annotation\jakarta.annotation-api\2.1.1\jakarta.annotation-api-2.1.1.jar;C:\Users\Marten\.m2\repository\org\apache\tomcat\embed\tomcat-embed-core\10.1.34\tomcat-embed-core-10.1.34.jar;C:\Users\Marten\.m2\repository\org\apache\tomcat\embed\tomcat-embed-websocket\10.1.34\tomcat-embed-websocket-10.1.34.jar;C:\Users\Marten\.m2\repository\org\springframework\boot\spring-boot-starter-test\3.4.1\spring-boot-starter-test-3.4.1.jar;C:\Users\Marten\.m2\repository\org\springframework\boot\spring-boot-test\3.4.1\spring-boot-test-3.4.1.jar;C:\Users\Marten\.m2\repository\org\springframework\boot\spring-boot-test-autoconfigure\3.4.1\spring-boot-test-autoconfigure-3.4.1.jar;C:\Users\Marten\.m2\repository\com\jayway\jsonpath\json-path\2.9.0\json-path-2.9.0.jar;C:\Users\Marten\.m2\repository\jakarta\xml\bind\jakarta.xml.bind-api\4.0.2\jakarta.xml.bind-api-4.0.2.jar;C:\Users\Marten\.m2\repository\jakarta\activation\jakarta.activation-api\2.1.3\jakarta.activation-api-2.1.3.jar;C:\Users\Marten\.m2\repository\net\minidev\json-smart\2.5.1\json-smart-2.5.1.jar;C:\Users\Marten\.m2\repository\net\minidev\accessors-smart\2.5.1\accessors-smart-2.5.1.jar;C:\Users\Marten\.m2\repository\org\ow2\asm\asm\9.6\asm-9.6.jar;C:\Users\Marten\.m2\repository\org\assertj\assertj-core\3.26.3\assertj-core-3.26.3.jar;C:\Users\Marten\.m2\repository\org\awaitility\awaitility\4.2.2\awaitility-4.2.2.jar;C:\Users\Marten\.m2\repository\org\hamcrest\hamcrest\2.2\hamcrest-2.2.jar;C:\Users\Marten\.m2\repository\org\junit\jupiter\junit-jupiter\5.11.4\junit-jupiter-5.11.4.jar;C:\Users\Marten\.m2\repository\org\junit\jupiter\junit-jupiter-api\5.11.4\junit-jupiter-api-5.11.4.jar;C:\Users\Marten\.m2\repository\org\opentest4j\opentest4j\1.3.0\opentest4j-1.3.0.jar;C:\Users\Marten\.m2\repository\org\junit\platform\junit-platform-commons\1.11.4\junit-platform-commons-1.11.4.jar;C:\Users\Marten\.m2\repository\org\apiguardian\apiguardian-api\1.1.2\apiguardian-api-1.1.2.jar;C:\Users\Marten\.m2\repository\org\junit\jupiter\junit-jupiter-params\5.11.4\junit-jupiter-params-5.11.4.jar;C:\Users\Marten\.m2\repository\org\junit\jupiter\junit-jupiter-engine\5.11.4\junit-jupiter-engine-5.11.4.jar;C:\Users\Marten\.m2\repository\org\junit\platform\junit-platform-engine\1.11.4\junit-platform-engine-1.11.4.jar;C:\Users\Marten\.m2\repository\org\mockito\mockito-core\5.14.2\mockito-core-5.14.2.jar;C:\Users\Marten\.m2\repository\net\bytebuddy\byte-buddy-agent\1.15.11\byte-buddy-agent-1.15.11.jar;C:\Users\Marten\.m2\repository\org\objenesis\objenesis\3.3\objenesis-3.3.jar;C:\Users\Marten\.m2\repository\org\mockito\mockito-junit-jupiter\5.14.2\mockito-junit-jupiter-5.14.2.jar;C:\Users\Marten\.m2\repository\org\skyscreamer\jsonassert\1.5.3\jsonassert-1.5.3.jar;C:\Users\Marten\.m2\repository\com\vaadin\external\google\android-json\0.0.20131108.vaadin1\android-json-0.0.20131108.vaadin1.jar;C:\Users\Marten\.m2\repository\org\springframework\spring-core\6.2.1\spring-core-6.2.1.jar;C:\Users\Marten\.m2\repository\org\springframework\spring-jcl\6.2.1\spring-jcl-6.2.1.jar;C:\Users\Marten\.m2\repository\org\springframework\spring-test\6.2.1\spring-test-6.2.1.jar;C:\Users\Marten\.m2\repository\org\xmlunit\xmlunit-core\2.10.0\xmlunit-core-2.10.0.jar;C:\Users\Marten\.m2\repository\org\springframework\security\spring-security-crypto\6.4.2\spring-security-crypto-6.4.2.jar;"/>
    <property name="java.vm.vendor" value="Oracle Corporation"/>
    <property name="sun.arch.data.model" value="64"/>
    <property name="user.variant" value=""/>
    <property name="java.vendor.url" value="https://java.oracle.com/"/>
    <property name="user.timezone" value="Europe/Berlin"/>
    <property name="org.jboss.logging.provider" value="slf4j"/>
    <property name="os.name" value="Windows 11"/>
    <property name="java.vm.specification.version" value="23"/>
    <property name="sun.java.launcher" value="SUN_STANDARD"/>
    <property name="user.country" value="GB"/>
    <property name="sun.boot.library.path" value="C:\Users\Marten\.jdks\openjdk-23.0.2\bin"/>
    <property name="sun.java.command" value="C:\Users\Marten\AppData\Local\Temp\surefire16975248989874514259\surefirebooter-20250325203738405_3.jar C:\Users\Marten\AppData\Local\Temp\surefire16975248989874514259 2025-03-25T20-37-38_313-jvmRun1 surefire-20250325203738405_1tmp surefire_0-20250325203738405_2tmp"/>
    <property name="jdk.debug" value="release"/>
    <property name="surefire.test.class.path" value="E:\Sonstiges\Desktop\Prog 3\notizspeicher_p3\target\test-classes;E:\Sonstiges\Desktop\Prog 3\notizspeicher_p3\target\classes;C:\Users\Marten\.m2\repository\org\springframework\boot\spring-boot-devtools\3.4.1\spring-boot-devtools-3.4.1.jar;C:\Users\Marten\.m2\repository\org\springframework\boot\spring-boot\3.4.1\spring-boot-3.4.1.jar;C:\Users\Marten\.m2\repository\org\springframework\spring-context\6.2.1\spring-context-6.2.1.jar;C:\Users\Marten\.m2\repository\org\springframework\boot\spring-boot-autoconfigure\3.4.1\spring-boot-autoconfigure-3.4.1.jar;C:\Users\Marten\.m2\repository\org\springframework\boot\spring-boot-starter-actuator\3.4.1\spring-boot-starter-actuator-3.4.1.jar;C:\Users\Marten\.m2\repository\org\springframework\boot\spring-boot-starter\3.4.1\spring-boot-starter-3.4.1.jar;C:\Users\Marten\.m2\repository\org\springframework\boot\spring-boot-starter-logging\3.4.1\spring-boot-starter-logging-3.4.1.jar;C:\Users\Marten\.m2\repository\ch\qos\logback\logback-classic\1.5.12\logback-classic-1.5.12.jar;C:\Users\Marten\.m2\repository\ch\qos\logback\logback-core\1.5.12\logback-core-1.5.12.jar;C:\Users\Marten\.m2\repository\org\apache\logging\log4j\log4j-to-slf4j\2.24.3\log4j-to-slf4j-2.24.3.jar;C:\Users\Marten\.m2\repository\org\apache\logging\log4j\log4j-api\2.24.3\log4j-api-2.24.3.jar;C:\Users\Marten\.m2\repository\org\slf4j\jul-to-slf4j\2.0.16\jul-to-slf4j-2.0.16.jar;C:\Users\Marten\.m2\repository\org\yaml\snakeyaml\2.3\snakeyaml-2.3.jar;C:\Users\Marten\.m2\repository\org\springframework\boot\spring-boot-actuator-autoconfigure\3.4.1\spring-boot-actuator-autoconfigure-3.4.1.jar;C:\Users\Marten\.m2\repository\org\springframework\boot\spring-boot-actuator\3.4.1\spring-boot-actuator-3.4.1.jar;C:\Users\Marten\.m2\repository\com\fasterxml\jackson\core\jackson-databind\2.18.2\jackson-databind-2.18.2.jar;C:\Users\Marten\.m2\repository\com\fasterxml\jackson\core\jackson-annotations\2.18.2\jackson-annotations-2.18.2.jar;C:\Users\Marten\.m2\repository\com\fasterxml\jackson\core\jackson-core\2.18.2\jackson-core-2.18.2.jar;C:\Users\Marten\.m2\repository\com\fasterxml\jackson\datatype\jackson-datatype-jsr310\2.18.2\jackson-datatype-jsr310-2.18.2.jar;C:\Users\Marten\.m2\repository\io\micrometer\micrometer-observation\1.14.2\micrometer-observation-1.14.2.jar;C:\Users\Marten\.m2\repository\io\micrometer\micrometer-commons\1.14.2\micrometer-commons-1.14.2.jar;C:\Users\Marten\.m2\repository\io\micrometer\micrometer-jakarta9\1.14.2\micrometer-jakarta9-1.14.2.jar;C:\Users\Marten\.m2\repository\io\micrometer\micrometer-core\1.14.2\micrometer-core-1.14.2.jar;C:\Users\Marten\.m2\repository\org\hdrhistogram\HdrHistogram\2.2.2\HdrHistogram-2.2.2.jar;C:\Users\Marten\.m2\repository\org\latencyutils\LatencyUtils\2.0.3\LatencyUtils-2.0.3.jar;C:\Users\Marten\.m2\repository\org\springframework\boot\spring-boot-starter-web\3.4.1\spring-boot-starter-web-3.4.1.jar;C:\Users\Marten\.m2\repository\org\springframework\boot\spring-boot-starter-json\3.4.1\spring-boot-starter-json-3.4.1.jar;C:\Users\Marten\.m2\repository\com\fasterxml\jackson\datatype\jackson-datatype-jdk8\2.18.2\jackson-datatype-jdk8-2.18.2.jar;C:\Users\Marten\.m2\repository\com\fasterxml\jackson\module\jackson-module-parameter-names\2.18.2\jackson-module-parameter-names-2.18.2.jar;C:\Users\Marten\.m2\repository\org\springframework\spring-web\6.2.1\spring-web-6.2.1.jar;C:\Users\Marten\.m2\repository\org\springframework\spring-beans\6.2.1\spring-beans-6.2.1.jar;C:\Users\Marten\.m2\repository\org\springframework\spring-webmvc\6.2.1\spring-webmvc-6.2.1.jar;C:\Users\Marten\.m2\repository\org\springframework\spring-aop\6.2.1\spring-aop-6.2.1.jar;C:\Users\Marten\.m2\repository\org\springframework\spring-expression\6.2.1\spring-expression-6.2.1.jar;C:\Users\Marten\.m2\repository\org\springdoc\springdoc-openapi-starter-webmvc-ui\2.2.0\springdoc-openapi-starter-webmvc-ui-2.2.0.jar;C:\Users\Marten\.m2\repository\org\springdoc\springdoc-openapi-starter-webmvc-api\2.2.0\springdoc-openapi-starter-webmvc-api-2.2.0.jar;C:\Users\Marten\.m2\repository\org\springdoc\springdoc-openapi-starter-common\2.2.0\springdoc-openapi-starter-common-2.2.0.jar;C:\Users\Marten\.m2\repository\io\swagger\core\v3\swagger-core-jakarta\2.2.15\swagger-core-jakarta-2.2.15.jar;C:\Users\Marten\.m2\repository\org\apache\commons\commons-lang3\3.17.0\commons-lang3-3.17.0.jar;C:\Users\Marten\.m2\repository\io\swagger\core\v3\swagger-annotations-jakarta\2.2.15\swagger-annotations-jakarta-2.2.15.jar;C:\Users\Marten\.m2\repository\io\swagger\core\v3\swagger-models-jakarta\2.2.15\swagger-models-jakarta-2.2.15.jar;C:\Users\Marten\.m2\repository\com\fasterxml\jackson\dataformat\jackson-dataformat-yaml\2.18.2\jackson-dataformat-yaml-2.18.2.jar;C:\Users\Marten\.m2\repository\org\webjars\swagger-ui\5.2.0\swagger-ui-5.2.0.jar;C:\Users\Marten\.m2\repository\org\springframework\boot\spring-boot-starter-thymeleaf\3.4.1\spring-boot-starter-thymeleaf-3.4.1.jar;C:\Users\Marten\.m2\repository\org\thymeleaf\thymeleaf-spring6\3.1.3.RELEASE\thymeleaf-spring6-3.1.3.RELEASE.jar;C:\Users\Marten\.m2\repository\org\thymeleaf\thymeleaf\3.1.3.RELEASE\thymeleaf-3.1.3.RELEASE.jar;C:\Users\Marten\.m2\repository\org\attoparser\attoparser\2.0.7.RELEASE\attoparser-2.0.7.RELEASE.jar;C:\Users\Marten\.m2\repository\org\unbescape\unbescape\1.1.6.RELEASE\unbescape-1.1.6.RELEASE.jar;C:\Users\Marten\.m2\repository\org\slf4j\slf4j-api\2.0.16\slf4j-api-2.0.16.jar;C:\Users\Marten\.m2\repository\org\springframework\boot\spring-boot-starter-validation\3.4.1\spring-boot-starter-validation-3.4.1.jar;C:\Users\Marten\.m2\repository\org\apache\tomcat\embed\tomcat-embed-el\10.1.34\tomcat-embed-el-10.1.34.jar;C:\Users\Marten\.m2\repository\org\hibernate\validator\hibernate-validator\8.0.2.Final\hibernate-validator-8.0.2.Final.jar;C:\Users\Marten\.m2\repository\jakarta\validation\jakarta.validation-api\3.0.2\jakarta.validation-api-3.0.2.jar;C:\Users\Marten\.m2\repository\org\jboss\logging\jboss-logging\3.6.1.Final\jboss-logging-3.6.1.Final.jar;C:\Users\Marten\.m2\repository\com\fasterxml\classmate\1.7.0\classmate-1.7.0.jar;C:\Users\Marten\.m2\repository\org\springframework\boot\spring-boot-starter-data-jpa\3.4.1\spring-boot-starter-data-jpa-3.4.1.jar;C:\Users\Marten\.m2\repository\org\springframework\boot\spring-boot-starter-jdbc\3.4.1\spring-boot-starter-jdbc-3.4.1.jar;C:\Users\Marten\.m2\repository\com\zaxxer\HikariCP\5.1.0\HikariCP-5.1.0.jar;C:\Users\Marten\.m2\repository\org\springframework\spring-jdbc\6.2.1\spring-jdbc-6.2.1.jar;C:\Users\Marten\.m2\repository\org\hibernate\orm\hibernate-core\6.6.4.Final\hibernate-core-6.6.4.Final.jar;C:\Users\Marten\.m2\repository\jakarta\persistence\jakarta.persistence-api\3.1.0\jakarta.persistence-api-3.1.0.jar;C:\Users\Marten\.m2\repository\jakarta\transaction\jakarta.transaction-api\2.0.1\jakarta.transaction-api-2.0.1.jar;C:\Users\Marten\.m2\repository\org\hibernate\common\hibernate-commons-annotations\7.0.3.Final\hibernate-commons-annotations-7.0.3.Final.jar;C:\Users\Marten\.m2\repository\io\smallrye\jandex\3.2.0\jandex-3.2.0.jar;C:\Users\Marten\.m2\repository\net\bytebuddy\byte-buddy\1.15.11\byte-buddy-1.15.11.jar;C:\Users\Marten\.m2\repository\org\glassfish\jaxb\jaxb-runtime\4.0.5\jaxb-runtime-4.0.5.jar;C:\Users\Marten\.m2\repository\org\glassfish\jaxb\jaxb-core\4.0.5\jaxb-core-4.0.5.jar;C:\Users\Marten\.m2\repository\org\eclipse\angus\angus-activation\2.0.2\angus-activation-2.0.2.jar;C:\Users\Marten\.m2\repository\org\glassfish\jaxb\txw2\4.0.5\txw2-4.0.5.jar;C:\Users\Marten\.m2\repository\com\sun\istack\istack-commons-runtime\4.1.2\istack-commons-runtime-4.1.2.jar;C:\Users\Marten\.m2\repository\jakarta\inject\jakarta.inject-api\2.0.1\jakarta.inject-api-2.0.1.jar;C:\Users\Marten\.m2\repository\org\antlr\antlr4-runtime\4.13.0\antlr4-runtime-4.13.0.jar;C:\Users\Marten\.m2\repository\org\springframework\data\spring-data-jpa\3.4.1\spring-data-jpa-3.4.1.jar;C:\Users\Marten\.m2\repository\org\springframework\data\spring-data-commons\3.4.1\spring-data-commons-3.4.1.jar;C:\Users\Marten\.m2\repository\org\springframework\spring-orm\6.2.1\spring-orm-6.2.1.jar;C:\Users\Marten\.m2\repository\org\springframework\spring-tx\6.2.1\spring-tx-6.2.1.jar;C:\Users\Marten\.m2\repository\org\springframework\spring-aspects\6.2.1\spring-aspects-6.2.1.jar;C:\Users\Marten\.m2\repository\org\aspectj\aspectjweaver\1.9.22.1\aspectjweaver-1.9.22.1.jar;C:\Users\Marten\.m2\repository\com\h2database\h2\2.3.232\h2-2.3.232.jar;C:\Users\Marten\.m2\repository\org\projectlombok\lombok\1.18.30\lombok-1.18.30.jar;C:\Users\Marten\.m2\repository\org\fusesource\jansi\jansi\2.4.1\jansi-2.4.1.jar;C:\Users\Marten\.m2\repository\org\springframework\boot\spring-boot-starter-tomcat\3.4.1\spring-boot-starter-tomcat-3.4.1.jar;C:\Users\Marten\.m2\repository\jakarta\annotation\jakarta.annotation-api\2.1.1\jakarta.annotation-api-2.1.1.jar;C:\Users\Marten\.m2\repository\org\apache\tomcat\embed\tomcat-embed-core\10.1.34\tomcat-embed-core-10.1.34.jar;C:\Users\Marten\.m2\repository\org\apache\tomcat\embed\tomcat-embed-websocket\10.1.34\tomcat-embed-websocket-10.1.34.jar;C:\Users\Marten\.m2\repository\org\springframework\boot\spring-boot-starter-test\3.4.1\spring-boot-starter-test-3.4.1.jar;C:\Users\Marten\.m2\repository\org\springframework\boot\spring-boot-test\3.4.1\spring-boot-test-3.4.1.jar;C:\Users\Marten\.m2\repository\org\springframework\boot\spring-boot-test-autoconfigure\3.4.1\spring-boot-test-autoconfigure-3.4.1.jar;C:\Users\Marten\.m2\repository\com\jayway\jsonpath\json-path\2.9.0\json-path-2.9.0.jar;C:\Users\Marten\.m2\repository\jakarta\xml\bind\jakarta.xml.bind-api\4.0.2\jakarta.xml.bind-api-4.0.2.jar;C:\Users\Marten\.m2\repository\jakarta\activation\jakarta.activation-api\2.1.3\jakarta.activation-api-2.1.3.jar;C:\Users\Marten\.m2\repository\net\minidev\json-smart\2.5.1\json-smart-2.5.1.jar;C:\Users\Marten\.m2\repository\net\minidev\accessors-smart\2.5.1\accessors-smart-2.5.1.jar;C:\Users\Marten\.m2\repository\org\ow2\asm\asm\9.6\asm-9.6.jar;C:\Users\Marten\.m2\repository\org\assertj\assertj-core\3.26.3\assertj-core-3.26.3.jar;C:\Users\Marten\.m2\repository\org\awaitility\awaitility\4.2.2\awaitility-4.2.2.jar;C:\Users\Marten\.m2\repository\org\hamcrest\hamcrest\2.2\hamcrest-2.2.jar;C:\Users\Marten\.m2\repository\org\junit\jupiter\junit-jupiter\5.11.4\junit-jupiter-5.11.4.jar;C:\Users\Marten\.m2\repository\org\junit\jupiter\junit-jupiter-api\5.11.4\junit-jupiter-api-5.11.4.jar;C:\Users\Marten\.m2\repository\org\opentest4j\opentest4j\1.3.0\opentest4j-1.3.0.jar;C:\Users\Marten\.m2\repository\org\junit\platform\junit-platform-commons\1.11.4\junit-platform-commons-1.11.4.jar;C:\Users\Marten\.m2\repository\org\apiguardian\apiguardian-api\1.1.2\apiguardian-api-1.1.2.jar;C:\Users\Marten\.m2\repository\org\junit\jupiter\junit-jupiter-params\5.11.4\junit-jupiter-params-5.11.4.jar;C:\Users\Marten\.m2\repository\org\junit\jupiter\junit-jupiter-engine\5.11.4\junit-jupiter-engine-5.11.4.jar;C:\Users\Marten\.m2\repository\org\junit\platform\junit-platform-engine\1.11.4\junit-platform-engine-1.11.4.jar;C:\Users\Marten\.m2\repository\org\mockito\mockito-core\5.14.2\mockito-core-5.14.2.jar;C:\Users\Marten\.m2\repository\net\bytebuddy\byte-buddy-agent\1.15.11\byte-buddy-agent-1.15.11.jar;C:\Users\Marten\.m2\repository\org\objenesis\objenesis\3.3\objenesis-3.3.jar;C:\Users\Marten\.m2\repository\org\mockito\mockito-junit-jupiter\5.14.2\mockito-junit-jupiter-5.14.2.jar;C:\Users\Marten\.m2\repository\org\skyscreamer\jsonassert\1.5.3\jsonassert-1.5.3.jar;C:\Users\Marten\.m2\repository\com\vaadin\external\google\android-json\0.0.20131108.vaadin1\android-json-0.0.20131108.vaadin1.jar;C:\Users\Marten\.m2\repository\org\springframework\spring-core\6.2.1\spring-core-6.2.1.jar;C:\Users\Marten\.m2\repository\org\springframework\spring-jcl\6.2.1\spring-jcl-6.2.1.jar;C:\Users\Marten\.m2\repository\org\springframework\spring-test\6.2.1\spring-test-6.2.1.jar;C:\Users\Marten\.m2\repository\org\xmlunit\xmlunit-core\2.10.0\xmlunit-core-2.10.0.jar;C:\Users\Marten\.m2\repository\org\springframework\security\spring-security-crypto\6.4.2\spring-security-crypto-6.4.2.jar;"/>
    <property name="sun.cpu.endian" value="little"/>
    <property name="user.home" value="C:\Users\Marten"/>
    <property name="user.language" value="en"/>
    <property name="java.specification.vendor" value="Oracle Corporation"/>
    <property name="java.version.date" value="2025-01-21"/>
    <property name="java.home" value="C:\Users\Marten\.jdks\openjdk-23.0.2"/>
    <property name="file.separator" value="\"/>
    <property name="basedir" value="E:\Sonstiges\Desktop\Prog 3\notizspeicher_p3"/>
    <property name="java.vm.compressedOopsMode" value="Zero based"/>
    <property name="line.separator" value="&#10;"/>
    <property name="java.vm.specification.vendor" value="Oracle Corporation"/>
    <property name="java.specification.name" value="Java Platform API Specification"/>
    <property name="FILE_LOG_CHARSET" value="UTF-8"/>
    <property name="java.awt.headless" value="true"/>
    <property name="surefire.real.class.path" value="C:\Users\Marten\AppData\Local\Temp\surefire16975248989874514259\surefirebooter-20250325203738405_3.jar"/>
    <property name="user.script" value=""/>
    <property name="sun.management.compiler" value="HotSpot 64-Bit Tiered Compilers"/>
    <property name="java.runtime.version" value="23.0.2+7-58"/>
    <property name="user.name" value="Marten"/>
    <property name="stdout.encoding" value="Cp1252"/>
    <property name="path.separator" value=";"/>
    <property name="os.version" value="10.0"/>
    <property name="java.runtime.name" value="OpenJDK Runtime Environment"/>
    <property name="file.encoding" value="UTF-8"/>
    <property name="java.vm.name" value="OpenJDK 64-Bit Server VM"/>
    <property name="localRepository" value="C:\Users\Marten\.m2\repository"/>
    <property name="java.vendor.url.bug" value="https://bugreport.java.com/bugreport/"/>
    <property name="java.io.tmpdir" value="C:\Users\Marten\AppData\Local\Temp\"/>
    <property name="idea.version" value="2024.3.4.1"/>
    <property name="com.zaxxer.hikari.pool_number" value="2"/>
    <property name="java.version" value="23.0.2"/>
    <property name="user.dir" value="E:\Sonstiges\Desktop\Prog 3\notizspeicher_p3"/>
    <property name="os.arch" value="amd64"/>
    <property name="java.vm.specification.name" value="Java Virtual Machine Specification"/>
    <property name="PID" value="9860"/>
    <property name="sun.os.patch.level" value=""/>
    <property name="CONSOLE_LOG_CHARSET" value="UTF-8"/>
    <property name="native.encoding" value="Cp1252"/>
    <property name="java.library.path" value="C:\Users\Marten\.jdks\openjdk-23.0.2\bin;C:\WINDOWS\Sun\Java\bin;C:\WINDOWS\system32;C:\WINDOWS;C:\Program Files\Common Files\Oracle\Java\javapath;C:\Program Files (x86)\Common Files\Oracle\Java\java8path;C:\Program Files (x86)\Common Files\Oracle\Java\javapath;C:\Program Files (x86)\Razer Chroma SDK\bin;C:\Program Files\Razer Chroma SDK\bin;C:\Program Files (x86)\Razer\ChromaBroadcast\bin;C:\Program Files\Razer\ChromaBroadcast\bin;C:\Windows\system32;C:\Windows;C:\Windows\System32\Wbem;C:\Windows\System32\WindowsPowerShell\v1.0\;C:\Windows\System32\OpenSSH\;C:\Windows\system32\config\systemprofile\AppData\Local\Microsoft\WindowsApps;C:\Program Files (x86)\dotnet\;C:\Program Files\dotnet\;e:\program files (x86)\iracing\d3dgear;C:\WINDOWS\system32;C:\WINDOWS;C:\WINDOWS\System32\Wbem;C:\WINDOWS\System32\WindowsPowerShell\v1.0\;C:\WINDOWS\System32\OpenSSH\;C:\Program Files (x86)\NVIDIA Corporation\PhysX\Common;C:\Program Files\NVIDIA Corporation\NVIDIA app\NvDLISR;C:\Program Files\Git\cmd;;;;;;;;;;;;;;;;;;;;;;;;;;;;;;;;;;C:\Users\Marten\AppData\Local\Programs\Python\Python311\Scripts\;C:\Users\Marten\AppData\Local\Programs\Python\Python311\;C:\Users\Marten\AppData\Local\Microsoft\WindowsApps;E:\Users\Marten\AppData\Local\Programs\Microsoft VS Code\bin;C:\Users\Marten\AppData\Local\GitHubDesktop\bin;."/>
    <property name="java.vm.info" value="mixed mode, sharing"/>
    <property name="stderr.encoding" value="Cp1252"/>
    <property name="java.vendor" value="Oracle Corporation"/>
    <property name="java.vm.version" value="23.0.2+7-58"/>
    <property name="sun.io.unicode.encoding" value="UnicodeLittle"/>
    <property name="java.class.version" value="67.0"/>
  </properties>
  <testcase name="testGetFilteredNotes" classname="de.thowl.prog3.exam.service.TestNoteService" time="0.041">
    <system-out><![CDATA[
  .   ____          _            __ _ _
 /\\ / ___'_ __ _ _(_)_ __  __ _ \ \ \ \
( ( )\___ | '_ | '_| | '_ \/ _` | \ \ \ \
 \\/  ___)| |_)| | | | | || (_| |  ) ) ) )
  '  |____| .__|_| |_|_| |_\__, | / / / /
 =========|_|==============|___/=/_/_/_/

 :: Spring Boot ::                (v3.4.1)

&amp#27;[33m2025-03-25 20:37:44,834&amp#27;[0;39m &amp#27;[34mINFO &amp#27;[0;39m &amp#27;[36md.t.p.e.s.TestNoteService@[main]&amp#27;[0;39m - Starting TestNoteService using Java 23.0.2 with PID 9860 (started by Marten in E:\Sonstiges\Desktop\Prog 3\notizspeicher_p3)
&amp#27;[33m2025-03-25 20:37:44,834&amp#27;[0;39m &amp#27;[39mDEBUG&amp#27;[0;39m &amp#27;[36md.t.p.e.s.TestNoteService@[main]&amp#27;[0;39m - Running with Spring Boot v3.4.1, Spring v6.2.1
&amp#27;[33m2025-03-25 20:37:44,834&amp#27;[0;39m &amp#27;[34mINFO &amp#27;[0;39m &amp#27;[36md.t.p.e.s.TestNoteService@[main]&amp#27;[0;39m - No active profile set, falling back to 1 default profile: "default"
Hibernate: 
    create global temporary table HTE_notes(rn_ integer not null, category_id bigint, created_at timestamp(6), id bigint, user_id bigint, content TEXT, link varchar(255), share_link varchar(255), share_token varchar(255), title varchar(255), type varchar(255), image blob, primary key (rn_)) TRANSACTIONAL
Hibernate: 
    create global temporary table HTE_sessions(rn_ integer not null, created_at timestamp(6), id bigint, user_id bigint, token varchar(255), primary key (rn_)) TRANSACTIONAL
Hibernate: 
    create global temporary table HTE_users(rn_ integer not null, id bigint, email varchar(30), username varchar(30), password varchar(255), primary key (rn_)) TRANSACTIONAL
Hibernate: 
    create global temporary table HTE_categories(rn_ integer not null, id bigint, user_id bigint, category_colour varchar(255), category_name varchar(255), primary key (rn_)) TRANSACTIONAL
Hibernate: 
    drop table if exists categories cascade 
Hibernate: 
    drop table if exists my_tags cascade 
Hibernate: 
    drop table if exists notes cascade 
Hibernate: 
    drop table if exists sessions cascade 
Hibernate: 
    drop table if exists users cascade 
Hibernate: 
    drop sequence if exists categories_seq
Hibernate: 
    drop sequence if exists notes_seq
Hibernate: 
    drop sequence if exists sessions_seq
Hibernate: 
    drop sequence if exists users_seq
Hibernate: 
    create sequence categories_seq start with 1 increment by 50
Hibernate: 
    create sequence notes_seq start with 1 increment by 50
Hibernate: 
    create sequence sessions_seq start with 1 increment by 50
Hibernate: 
    create sequence users_seq start with 1 increment by 50
Hibernate: 
    create table categories (
        id bigint not null,
        user_id bigint,
        category_colour varchar(255),
        category_name varchar(255),
        primary key (id)
    )
Hibernate: 
    create table my_tags (
        id bigint not null,
        tags varchar(255)
    )
Hibernate: 
    create table notes (
        category_id bigint,
        created_at timestamp(6),
        id bigint not null,
        user_id bigint,
        content TEXT,
        link varchar(255),
        share_link varchar(255),
        share_token varchar(255),
        title varchar(255),
        type varchar(255),
        image blob,
        primary key (id)
    )
Hibernate: 
    create table sessions (
        created_at timestamp(6) not null,
        id bigint not null,
        user_id bigint not null,
        token varchar(255) not null,
        primary key (id)
    )
Hibernate: 
    create table users (
        id bigint not null,
        email varchar(30) unique,
        username varchar(30) unique,
        password varchar(255),
        primary key (id)
    )
Hibernate: 
    alter table if exists my_tags 
       add constraint FK94gnlkocoxm261jyyop6ag1wu 
       foreign key (id) 
       references notes
Hibernate: 
    alter table if exists notes 
       add constraint FKt8k9l9q6louhlu7udo6r6l1et 
       foreign key (category_id) 
       references categories
&amp#27;[33m2025-03-25 20:37:45,544&amp#27;[0;39m &amp#27;[34mINFO &amp#27;[0;39m &amp#27;[36md.t.p.e.s.TestNoteService@[main]&amp#27;[0;39m - Started TestNoteService in 0.732 seconds (process running for 7.049)
Hibernate: 
    select
        n1_0.id,
        n1_0.category_id,
        n1_0.content,
        n1_0.created_at,
        n1_0.image,
        n1_0.link,
        n1_0.share_link,
        n1_0.share_token,
        n1_0.title,
        n1_0.type,
        n1_0.user_id 
    from
        notes n1_0
Hibernate: 
    select
        c1_0.id,
        c1_0.category_colour,
        c1_0.category_name,
        c1_0.user_id 
    from
        categories c1_0
Hibernate: 
    delete 
    from
        categories 
    where
        id=?
Hibernate: 
    delete 
    from
        categories 
    where
        id=?
Hibernate: 
    delete 
    from
        categories 
    where
        id=?
Hibernate: 
    delete 
    from
        categories 
    where
        id=?
Hibernate: 
    delete 
    from
        categories 
    where
        id=?
Hibernate: 
    delete 
    from
        categories 
    where
        id=?
Hibernate: 
    delete 
    from
        categories 
    where
        id=?
Hibernate: 
    delete 
    from
        categories 
    where
        id=?
Hibernate: 
    delete 
    from
        categories 
    where
        id=?
Hibernate: 
    select
        next value for categories_seq
Hibernate: 
    insert 
    into
        categories
        (category_colour, category_name, user_id, id) 
    values
        (?, ?, ?, ?)
Hibernate: 
    select
        next value for notes_seq
Hibernate: 
    insert 
    into
        notes
        (category_id, content, created_at, image, link, share_link, share_token, title, type, user_id, id) 
    values
        (?, ?, ?, ?, ?, ?, ?, ?, ?, ?, ?)
Hibernate: 
    insert 
    into
        my_tags
        (id, tags) 
    values
        (?, ?)
Hibernate: 
    insert 
    into
        my_tags
        (id, tags) 
    values
        (?, ?)
&amp#27;[33m2025-03-25 20:37:45,575&amp#27;[0;39m &amp#27;[39mDEBUG&amp#27;[0;39m &amp#27;[36md.t.p.e.s.TestNoteService@[main]&amp#27;[0;39m - entering testGetFilteredNotes
Hibernate: 
    select
        n1_0.id,
        n1_0.category_id,
        n1_0.content,
        n1_0.created_at,
        n1_0.image,
        n1_0.link,
        n1_0.share_link,
        n1_0.share_token,
        n1_0.title,
        n1_0.type,
        n1_0.user_id 
    from
        notes n1_0 
    where
        n1_0.user_id=?
Hibernate: 
    select
        c1_0.id,
        c1_0.category_colour,
        c1_0.category_name,
        c1_0.user_id 
    from
        categories c1_0 
    where
        c1_0.id=?
Hibernate: 
    select
        t1_0.id,
        t1_0.tags 
    from
        my_tags t1_0 
    where
        t1_0.id=?
]]></system-out>
  </testcase>
  <testcase name="testSaveNote" classname="de.thowl.prog3.exam.service.TestNoteService" time="0.021">
    <system-out><![CDATA[Hibernate: 
    select
        n1_0.id,
        n1_0.category_id,
        n1_0.content,
        n1_0.created_at,
        n1_0.image,
        n1_0.link,
        n1_0.share_link,
        n1_0.share_token,
        n1_0.title,
        n1_0.type,
        n1_0.user_id 
    from
        notes n1_0
Hibernate: 
    select
        c1_0.id,
        c1_0.category_colour,
        c1_0.category_name,
        c1_0.user_id 
    from
        categories c1_0 
    where
        c1_0.id=?
Hibernate: 
    select
        t1_0.id,
        t1_0.tags 
    from
        my_tags t1_0 
    where
        t1_0.id=?
Hibernate: 
    delete 
    from
        my_tags 
    where
        id=?
Hibernate: 
    delete 
    from
        notes 
    where
        id=?
Hibernate: 
    select
        c1_0.id,
        c1_0.category_colour,
        c1_0.category_name,
        c1_0.user_id 
    from
        categories c1_0
Hibernate: 
    delete 
    from
        categories 
    where
        id=?
Hibernate: 
    insert 
    into
        categories
        (category_colour, category_name, user_id, id) 
    values
        (?, ?, ?, ?)
Hibernate: 
    select
        next value for notes_seq
Hibernate: 
    insert 
    into
        notes
        (category_id, content, created_at, image, link, share_link, share_token, title, type, user_id, id) 
    values
        (?, ?, ?, ?, ?, ?, ?, ?, ?, ?, ?)
Hibernate: 
    insert 
    into
        my_tags
        (id, tags) 
    values
        (?, ?)
Hibernate: 
    insert 
    into
        my_tags
        (id, tags) 
    values
        (?, ?)
&amp#27;[33m2025-03-25 20:37:45,594&amp#27;[0;39m &amp#27;[39mDEBUG&amp#27;[0;39m &amp#27;[36md.t.p.e.s.TestNoteService@[main]&amp#27;[0;39m - entering testSaveNote
Hibernate: 
    select
        c1_0.id,
        c1_0.category_colour,
        c1_0.category_name,
        c1_0.user_id 
    from
        categories c1_0 
    where
        c1_0.category_name=? 
        and c1_0.user_id=?
Hibernate: 
    insert 
    into
        notes
        (category_id, content, created_at, image, link, share_link, share_token, title, type, user_id, id) 
    values
        (?, ?, ?, ?, ?, ?, ?, ?, ?, ?, ?)
Hibernate: 
    delete 
    from
        my_tags 
    where
        id=?
Hibernate: 
    insert 
    into
        my_tags
        (id, tags) 
    values
        (?, ?)
Hibernate: 
    insert 
    into
        my_tags
        (id, tags) 
    values
        (?, ?)
Hibernate: 
    select
        n1_0.id,
        n1_0.category_id,
        n1_0.content,
        n1_0.created_at,
        n1_0.image,
        n1_0.link,
        n1_0.share_link,
        n1_0.share_token,
        n1_0.title,
        n1_0.type,
        n1_0.user_id 
    from
        notes n1_0 
    where
        n1_0.user_id=?
Hibernate: 
    select
        c1_0.id,
        c1_0.category_colour,
        c1_0.category_name,
        c1_0.user_id 
    from
        categories c1_0 
    where
        c1_0.id=?
Hibernate: 
    select
        t1_0.id,
        t1_0.tags 
    from
        my_tags t1_0 
    where
        t1_0.id=?
Hibernate: 
    select
        t1_0.id,
        t1_0.tags 
    from
        my_tags t1_0 
    where
        t1_0.id=?
]]></system-out>
  </testcase>
  <testcase name="testGetNotesByUser" classname="de.thowl.prog3.exam.service.TestNoteService" time="0.011">
    <system-out><![CDATA[Hibernate: 
    select
        n1_0.id,
        n1_0.category_id,
        n1_0.content,
        n1_0.created_at,
        n1_0.image,
        n1_0.link,
        n1_0.share_link,
        n1_0.share_token,
        n1_0.title,
        n1_0.type,
        n1_0.user_id 
    from
        notes n1_0
Hibernate: 
    select
        c1_0.id,
        c1_0.category_colour,
        c1_0.category_name,
        c1_0.user_id 
    from
        categories c1_0 
    where
        c1_0.id=?
Hibernate: 
    select
        t1_0.id,
        t1_0.tags 
    from
        my_tags t1_0 
    where
        t1_0.id=?
Hibernate: 
    select
        t1_0.id,
        t1_0.tags 
    from
        my_tags t1_0 
    where
        t1_0.id=?
Hibernate: 
    delete 
    from
        my_tags 
    where
        id=?
Hibernate: 
    delete 
    from
        notes 
    where
        id=?
Hibernate: 
    delete 
    from
        notes 
    where
        id=?
Hibernate: 
    select
        c1_0.id,
        c1_0.category_colour,
        c1_0.category_name,
        c1_0.user_id 
    from
        categories c1_0
Hibernate: 
    delete 
    from
        categories 
    where
        id=?
Hibernate: 
    insert 
    into
        categories
        (category_colour, category_name, user_id, id) 
    values
        (?, ?, ?, ?)
Hibernate: 
    insert 
    into
        notes
        (category_id, content, created_at, image, link, share_link, share_token, title, type, user_id, id) 
    values
        (?, ?, ?, ?, ?, ?, ?, ?, ?, ?, ?)
Hibernate: 
    insert 
    into
        my_tags
        (id, tags) 
    values
        (?, ?)
Hibernate: 
    insert 
    into
        my_tags
        (id, tags) 
    values
        (?, ?)
&amp#27;[33m2025-03-25 20:37:45,615&amp#27;[0;39m &amp#27;[39mDEBUG&amp#27;[0;39m &amp#27;[36md.t.p.e.s.TestNoteService@[main]&amp#27;[0;39m - entering testGetNotesByUser
Hibernate: 
    select
        n1_0.id,
        n1_0.category_id,
        n1_0.content,
        n1_0.created_at,
        n1_0.image,
        n1_0.link,
        n1_0.share_link,
        n1_0.share_token,
        n1_0.title,
        n1_0.type,
        n1_0.user_id 
    from
        notes n1_0 
    where
        n1_0.user_id=?
Hibernate: 
    select
        c1_0.id,
        c1_0.category_colour,
        c1_0.category_name,
        c1_0.user_id 
    from
        categories c1_0 
    where
        c1_0.id=?
Hibernate: 
    select
        t1_0.id,
        t1_0.tags 
    from
        my_tags t1_0 
    where
        t1_0.id=?
]]></system-out>
  </testcase>
</testsuite>